2025-11-30T17:32:14.858Z | INFO     | social_media_app.main:16 | Starting up the application...
2025-11-30T17:32:14.858Z | INFO     | uvicorn.error:62 | Application startup complete.
2025-11-30T17:32:22.956Z | DEBUG    | social_media_app.routers.post:37 | SELECT posts.id, posts.body 
FROM posts
2025-11-30T17:32:22.969Z | INFO     | uvicorn.access:476 | 127.0.0.1:59278 - "GET /post HTTP/1.1" 200
2025-11-30T17:35:56.592Z | INFO     | uvicorn.error:264 | Shutting down
2025-11-30T17:35:56.703Z | INFO     | uvicorn.error:67 | Waiting for application shutdown.
2025-11-30T17:35:56.703Z | INFO     | uvicorn.error:76 | Application shutdown complete.
2025-11-30T17:35:56.709Z | INFO     | uvicorn.error:94 | Finished server process [13492]
2025-11-30T17:35:58.678Z | INFO     | social_media_app.main:16 | Starting up the application...
2025-11-30T17:35:58.685Z | INFO     | uvicorn.error:62 | Application startup complete.
2025-11-30T17:36:31.121Z | INFO     | social_media_app.routers.post:36 | Fetching all posts from the database
2025-11-30T17:36:31.124Z | DEBUG    | social_media_app.routers.post:38 | SELECT posts.id, posts.body 
FROM posts
2025-11-30T17:36:31.135Z | INFO     | uvicorn.access:476 | 127.0.0.1:49794 - "GET /post HTTP/1.1" 200
2025-11-30T17:39:07.666Z | INFO     | uvicorn.error:264 | Shutting down
2025-11-30T17:39:07.772Z | INFO     | uvicorn.error:67 | Waiting for application shutdown.
2025-11-30T17:39:07.772Z | INFO     | uvicorn.error:76 | Application shutdown complete.
2025-11-30T17:39:07.772Z | INFO     | uvicorn.error:94 | Finished server process [7388]
2025-11-30T17:39:09.735Z | INFO     | social_media_app.main:16 | Starting up the application...
2025-11-30T17:39:09.742Z | INFO     | uvicorn.error:62 | Application startup complete.
2025-11-30T17:41:51.427Z | INFO     | uvicorn.error:264 | Shutting down
2025-11-30T17:41:51.531Z | INFO     | uvicorn.error:67 | Waiting for application shutdown.
2025-11-30T17:41:51.531Z | INFO     | uvicorn.error:76 | Application shutdown complete.
2025-11-30T17:41:51.536Z | INFO     | uvicorn.error:94 | Finished server process [15100]
2025-11-30T17:41:53.480Z | INFO     | social_media_app.main:16 | Starting up the application...
2025-11-30T17:41:53.487Z | INFO     | uvicorn.error:62 | Application startup complete.
2025-11-30T19:05:32.641Z | INFO     | uvicorn.error:264 | Shutting down
2025-11-30T19:05:32.779Z | INFO     | uvicorn.error:67 | Waiting for application shutdown.
2025-11-30T19:05:32.799Z | INFO     | uvicorn.error:76 | Application shutdown complete.
2025-11-30T19:05:32.804Z | INFO     | uvicorn.error:94 | Finished server process [10036]
2025-11-30T19:05:34.679Z | INFO     | social_media_app.main:17 | Starting up the application...
2025-11-30T19:05:34.686Z | INFO     | uvicorn.error:62 | Application startup complete.
2025-11-30T19:07:42.649Z | INFO     | uvicorn.error:264 | Shutting down
2025-11-30T19:07:42.755Z | INFO     | uvicorn.error:94 | Finished server process [16140]
2025-11-30T19:07:42.766Z | ERROR    | uvicorn.error:134 | Traceback (most recent call last):
  File "C:\Users\omers\work-folder\fast-api\first_project\.venv\Lib\site-packages\uvicorn\_compat.py", line 30, in asyncio_run
    return runner.run(main)
           ^^^^^^^^^^^^^^^^
  File "C:\Users\omers\.pyenv\pyenv-win\versions\3.11.9\Lib\asyncio\runners.py", line 118, in run
    return self._loop.run_until_complete(task)
           ^^^^^^^^^^^^^^^^^^^^^^^^^^^^^^^^^^^
  File "C:\Users\omers\.pyenv\pyenv-win\versions\3.11.9\Lib\asyncio\base_events.py", line 641, in run_until_complete
    self.run_forever()
  File "C:\Users\omers\.pyenv\pyenv-win\versions\3.11.9\Lib\asyncio\base_events.py", line 608, in run_forever
    self._run_once()
  File "C:\Users\omers\.pyenv\pyenv-win\versions\3.11.9\Lib\asyncio\base_events.py", line 1936, in _run_once
    handle._run()
  File "C:\Users\omers\.pyenv\pyenv-win\versions\3.11.9\Lib\asyncio\events.py", line 84, in _run
    self._context.run(self._callback, *self._args)
  File "C:\Users\omers\work-folder\fast-api\first_project\.venv\Lib\site-packages\uvicorn\server.py", line 70, in serve
    with self.capture_signals():
  File "C:\Users\omers\.pyenv\pyenv-win\versions\3.11.9\Lib\contextlib.py", line 144, in __exit__
    next(self.gen)
  File "C:\Users\omers\work-folder\fast-api\first_project\.venv\Lib\site-packages\uvicorn\server.py", line 331, in capture_signals
    signal.raise_signal(captured_signal)
  File "C:\Users\omers\.pyenv\pyenv-win\versions\3.11.9\Lib\asyncio\runners.py", line 157, in _on_sigint
    raise KeyboardInterrupt()
KeyboardInterrupt

During handling of the above exception, another exception occurred:

Traceback (most recent call last):
  File "C:\Users\omers\work-folder\fast-api\first_project\.venv\Lib\site-packages\starlette\routing.py", line 701, in lifespan
    await receive()
  File "C:\Users\omers\work-folder\fast-api\first_project\.venv\Lib\site-packages\uvicorn\lifespan\on.py", line 137, in receive
    return await self.receive_queue.get()
           ^^^^^^^^^^^^^^^^^^^^^^^^^^^^^^
  File "C:\Users\omers\.pyenv\pyenv-win\versions\3.11.9\Lib\asyncio\queues.py", line 158, in get
    await getter
asyncio.exceptions.CancelledError

2025-11-30T21:11:43.390Z | [-] INFO     | social_media_app.main:18 | Starting up the application...
2025-11-30T21:11:43.397Z | [-] INFO     | uvicorn.error:62 | Application startup complete.
2025-11-30T21:13:20.534Z | [-] INFO     | uvicorn.error:264 | Shutting down
2025-11-30T21:13:20.650Z | [-] INFO     | uvicorn.error:67 | Waiting for application shutdown.
2025-11-30T21:13:20.650Z | [-] INFO     | uvicorn.error:76 | Application shutdown complete.
2025-11-30T21:13:20.650Z | [-] INFO     | uvicorn.error:94 | Finished server process [6932]
2025-11-30T21:13:22.106Z | [-] INFO     | social_media_app.main:18 | Starting up the application...
2025-11-30T21:13:22.115Z | [-] INFO     | uvicorn.error:62 | Application startup complete.
2025-11-30T21:13:25.171Z | [500f91ba] INFO     | social_media_app.routers.post:40 | Fetching all posts from the database
2025-11-30T21:13:25.174Z | [500f91ba] DEBUG    | social_media_app.routers.post:42 | SELECT posts.id, posts.body 
FROM posts
2025-11-30T21:13:25.188Z | [500f91ba] INFO     | uvicorn.access:476 | 127.0.0.1:57218 - "GET /post HTTP/1.1" 200
2025-11-30T21:16:56.125Z | [-] INFO     | uvicorn.error:264 | Shutting down
2025-11-30T21:16:56.237Z | [-] INFO     | uvicorn.error:67 | Waiting for application shutdown.
2025-11-30T21:16:56.237Z | [-] INFO     | uvicorn.error:76 | Application shutdown complete.
2025-11-30T21:16:56.241Z | [-] INFO     | uvicorn.error:94 | Finished server process [6880]
{"asctime": "2025-11-30T21:19:00", "msecs": 95.0, "correlation_id": "-", "levelname": "INFO", "name": "social_media_app.main", "lineno": 18, "message": "Starting up the application..."}
{"asctime": "2025-11-30T21:19:00", "msecs": 102.0, "correlation_id": "-", "levelname": "INFO", "name": "uvicorn.error", "lineno": 62, "message": "Application startup complete."}
{"asctime": "2025-11-30T21:33:38", "msecs": 367.0, "correlation_id": "-", "levelname": "INFO", "name": "uvicorn.error", "lineno": 264, "message": "Shutting down"}
{"asctime": "2025-11-30T21:33:38", "msecs": 475.0, "correlation_id": "-", "levelname": "INFO", "name": "uvicorn.error", "lineno": 67, "message": "Waiting for application shutdown."}
{"asctime": "2025-11-30T21:33:38", "msecs": 478.0, "correlation_id": "-", "levelname": "INFO", "name": "uvicorn.error", "lineno": 76, "message": "Application shutdown complete."}
{"asctime": "2025-11-30T21:33:38", "msecs": 478.0, "correlation_id": "-", "levelname": "INFO", "name": "uvicorn.error", "lineno": 94, "message": "Finished server process [14488]", "color_message": "Finished server process [\u001b[36m%d\u001b[0m]"}
{"asctime": "2025-11-30T21:33:40", "msecs": 639.0, "correlation_id": "-", "levelname": "INFO", "name": "social_media_app.main", "lineno": 18, "message": "Starting up the application..."}
{"asctime": "2025-11-30T21:33:40", "msecs": 647.0, "correlation_id": "-", "levelname": "INFO", "name": "uvicorn.error", "lineno": 62, "message": "Application startup complete."}
{"asctime": "2025-12-02T22:17:58", "msecs": 839.0, "correlation_id": "-", "levelname": "INFO", "name": "social_media_app.main", "lineno": 19, "message": "Starting up the application..."}
{"asctime": "2025-12-02T22:17:58", "msecs": 845.0, "correlation_id": "-", "levelname": "INFO", "name": "uvicorn.error", "lineno": 62, "message": "Application startup complete."}
{"asctime": "2025-12-02T22:18:01", "msecs": 826.0, "correlation_id": "-", "levelname": "INFO", "name": "uvicorn.error", "lineno": 264, "message": "Shutting down"}
{"asctime": "2025-12-02T22:18:01", "msecs": 934.0, "correlation_id": "-", "levelname": "INFO", "name": "uvicorn.error", "lineno": 67, "message": "Waiting for application shutdown."}
{"asctime": "2025-12-02T22:18:01", "msecs": 936.0, "correlation_id": "-", "levelname": "INFO", "name": "uvicorn.error", "lineno": 76, "message": "Application shutdown complete."}
{"asctime": "2025-12-02T22:18:01", "msecs": 938.0, "correlation_id": "-", "levelname": "INFO", "name": "uvicorn.error", "lineno": 94, "message": "Finished server process [13392]", "color_message": "Finished server process [\u001b[36m%d\u001b[0m]"}
{"asctime": "2025-12-02T22:18:05", "msecs": 355.0, "correlation_id": "-", "levelname": "INFO", "name": "social_media_app.main", "lineno": 19, "message": "Starting up the application..."}
{"asctime": "2025-12-02T22:18:05", "msecs": 361.0, "correlation_id": "-", "levelname": "INFO", "name": "uvicorn.error", "lineno": 62, "message": "Application startup complete."}
{"asctime": "2025-12-02T22:18:27", "msecs": 383.0, "correlation_id": "-", "levelname": "INFO", "name": "uvicorn.error", "lineno": 264, "message": "Shutting down"}
{"asctime": "2025-12-02T22:18:27", "msecs": 488.0, "correlation_id": "-", "levelname": "INFO", "name": "uvicorn.error", "lineno": 67, "message": "Waiting for application shutdown."}
{"asctime": "2025-12-02T22:18:27", "msecs": 490.0, "correlation_id": "-", "levelname": "INFO", "name": "uvicorn.error", "lineno": 76, "message": "Application shutdown complete."}
{"asctime": "2025-12-02T22:18:27", "msecs": 492.0, "correlation_id": "-", "levelname": "INFO", "name": "uvicorn.error", "lineno": 94, "message": "Finished server process [8904]", "color_message": "Finished server process [\u001b[36m%d\u001b[0m]"}
{"asctime": "2025-12-02T22:18:28", "msecs": 859.0, "correlation_id": "-", "levelname": "INFO", "name": "social_media_app.main", "lineno": 19, "message": "Starting up the application..."}
{"asctime": "2025-12-02T22:18:28", "msecs": 864.0, "correlation_id": "-", "levelname": "INFO", "name": "uvicorn.error", "lineno": 62, "message": "Application startup complete."}
{"asctime": "2025-12-02T23:08:54", "msecs": 308.0, "correlation_id": "-", "levelname": "INFO", "name": "uvicorn.error", "lineno": 264, "message": "Shutting down"}
{"asctime": "2025-12-02T23:08:54", "msecs": 422.0, "correlation_id": "-", "levelname": "INFO", "name": "uvicorn.error", "lineno": 67, "message": "Waiting for application shutdown."}
{"asctime": "2025-12-02T23:08:54", "msecs": 424.0, "correlation_id": "-", "levelname": "INFO", "name": "uvicorn.error", "lineno": 76, "message": "Application shutdown complete."}
{"asctime": "2025-12-02T23:08:54", "msecs": 426.0, "correlation_id": "-", "levelname": "INFO", "name": "uvicorn.error", "lineno": 94, "message": "Finished server process [2108]", "color_message": "Finished server process [\u001b[36m%d\u001b[0m]"}
{"asctime": "2025-12-02T23:08:55", "msecs": 944.0, "correlation_id": "-", "levelname": "INFO", "name": "social_media_app.main", "lineno": 19, "message": "Starting up the application..."}
{"asctime": "2025-12-02T23:08:55", "msecs": 950.0, "correlation_id": "-", "levelname": "INFO", "name": "uvicorn.error", "lineno": 62, "message": "Application startup complete."}
{"asctime": "2025-12-02T23:08:56", "msecs": 168.0, "correlation_id": "-", "levelname": "INFO", "name": "uvicorn.error", "lineno": 264, "message": "Shutting down"}
{"asctime": "2025-12-02T23:08:56", "msecs": 286.0, "correlation_id": "-", "levelname": "INFO", "name": "uvicorn.error", "lineno": 67, "message": "Waiting for application shutdown."}
{"asctime": "2025-12-02T23:08:56", "msecs": 288.0, "correlation_id": "-", "levelname": "INFO", "name": "uvicorn.error", "lineno": 76, "message": "Application shutdown complete."}
{"asctime": "2025-12-02T23:08:56", "msecs": 290.0, "correlation_id": "-", "levelname": "INFO", "name": "uvicorn.error", "lineno": 94, "message": "Finished server process [14288]", "color_message": "Finished server process [\u001b[36m%d\u001b[0m]"}
{"asctime": "2025-12-02T23:08:57", "msecs": 890.0, "correlation_id": "-", "levelname": "INFO", "name": "social_media_app.main", "lineno": 19, "message": "Starting up the application..."}
{"asctime": "2025-12-02T23:08:57", "msecs": 898.0, "correlation_id": "-", "levelname": "INFO", "name": "uvicorn.error", "lineno": 62, "message": "Application startup complete."}
{"asctime": "2025-12-02T23:12:08", "msecs": 635.0, "correlation_id": "-", "levelname": "INFO", "name": "uvicorn.error", "lineno": 264, "message": "Shutting down"}
{"asctime": "2025-12-02T23:12:08", "msecs": 746.0, "correlation_id": "-", "levelname": "INFO", "name": "uvicorn.error", "lineno": 67, "message": "Waiting for application shutdown."}
{"asctime": "2025-12-02T23:12:08", "msecs": 748.0, "correlation_id": "-", "levelname": "INFO", "name": "uvicorn.error", "lineno": 76, "message": "Application shutdown complete."}
{"asctime": "2025-12-02T23:12:08", "msecs": 750.0, "correlation_id": "-", "levelname": "INFO", "name": "uvicorn.error", "lineno": 94, "message": "Finished server process [4556]", "color_message": "Finished server process [\u001b[36m%d\u001b[0m]"}
{"asctime": "2025-12-02T23:12:10", "msecs": 224.0, "correlation_id": "-", "levelname": "INFO", "name": "social_media_app.main", "lineno": 19, "message": "Starting up the application..."}
{"asctime": "2025-12-02T23:12:10", "msecs": 230.0, "correlation_id": "-", "levelname": "INFO", "name": "uvicorn.error", "lineno": 62, "message": "Application startup complete."}
{"asctime": "2025-12-02T23:12:33", "msecs": 922.0, "correlation_id": "-", "levelname": "INFO", "name": "uvicorn.error", "lineno": 264, "message": "Shutting down"}
{"asctime": "2025-12-02T23:12:34", "msecs": 28.0, "correlation_id": "-", "levelname": "INFO", "name": "uvicorn.error", "lineno": 67, "message": "Waiting for application shutdown."}
{"asctime": "2025-12-02T23:12:34", "msecs": 30.0, "correlation_id": "-", "levelname": "INFO", "name": "uvicorn.error", "lineno": 76, "message": "Application shutdown complete."}
{"asctime": "2025-12-02T23:12:34", "msecs": 32.0, "correlation_id": "-", "levelname": "INFO", "name": "uvicorn.error", "lineno": 94, "message": "Finished server process [6576]", "color_message": "Finished server process [\u001b[36m%d\u001b[0m]"}
{"asctime": "2025-12-20T20:15:43", "msecs": 715.0, "correlation_id": "-", "levelname": "INFO", "name": "social_media_app.main", "lineno": 19, "message": "Starting up the application..."}
{"asctime": "2025-12-20T20:15:43", "msecs": 724.0, "correlation_id": "-", "levelname": "INFO", "name": "uvicorn.error", "lineno": 62, "message": "Application startup complete."}
{"asctime": "2025-12-20T20:18:11", "msecs": 756.0, "correlation_id": "0fd0de91", "levelname": "INFO", "name": "uvicorn.access", "lineno": 476, "message": "127.0.0.1:59149 - \"GET /register HTTP/1.1\" 405"}
{"asctime": "2025-12-20T20:18:49", "msecs": 732.0, "correlation_id": "1e8dcb74", "levelname": "DEBUG", "name": "social_media_app.security", "lineno": 90, "message": "Fetching user by email", "email": "om**********@gmail.com"}
{"asctime": "2025-12-20T20:18:49", "msecs": 744.0, "correlation_id": "1e8dcb74", "levelname": "DEBUG", "name": "social_media_app.security", "lineno": 80, "message": "Hashing password"}
{"asctime": "2025-12-20T20:18:49", "msecs": 908.0, "correlation_id": "1e8dcb74", "levelname": "DEBUG", "name": "social_media_app.routers.user", "lineno": 30, "message": "Executing query: INSERT INTO users (email, password, confirmed) VALUES (:email, :password, :confirmed)"}
{"asctime": "2025-12-20T20:18:49", "msecs": 922.0, "correlation_id": "1e8dcb74", "levelname": "DEBUG", "name": "social_media_app.security", "lineno": 47, "message": "creating access token", "email": "om**********@gmail.com"}
{"asctime": "2025-12-20T20:18:49", "msecs": 927.0, "correlation_id": "1e8dcb74", "levelname": "DEBUG", "name": "social_media_app.tasks", "lineno": 15, "message": "Sending email to 'ome' with subject 'Successfully signed ' "}
{"asctime": "2025-12-20T20:18:51", "msecs": 436.0, "correlation_id": "1e8dcb74", "levelname": "DEBUG", "name": "social_media_app.tasks", "lineno": 32, "message": "b'{\"id\":\"<20251220171851.5db58a89d6974d5b@sandboxbc0afd1a978647a89ad8a93950687fd6.mailgun.org>\",\"message\":\"Queued. Thank you.\"}\\n'"}
{"asctime": "2025-12-20T20:18:51", "msecs": 441.0, "correlation_id": "1e8dcb74", "levelname": "INFO", "name": "uvicorn.access", "lineno": 476, "message": "127.0.0.1:52810 - \"POST /register HTTP/1.1\" 201"}
{"asctime": "2025-12-20T20:20:44", "msecs": 57.0, "correlation_id": "bc8f5df4", "levelname": "DEBUG", "name": "social_media_app.routers.user", "lineno": 57, "message": "UPDATE users SET confirmed=:confirmed WHERE users.email = :email_1"}
{"asctime": "2025-12-20T20:20:44", "msecs": 71.0, "correlation_id": "bc8f5df4", "levelname": "INFO", "name": "uvicorn.access", "lineno": 476, "message": "127.0.0.1:65220 - \"GET /confirm/eyJhbGciOiJIUzI1NiIsInR5cCI6IkpXVCJ9.eyJzdWIiOiJvbWVyLnNoYW1pYWhAZ21haWwuY29tIiwiZXhwIjoxNzY2MzM3NTI5LCJ0eXBlIjoiY29uZmlybWF0aW9uIn0.NuW61wi3iJwm2SgAmFNhGM0FKi1bBt00JDWkS7zARHQ HTTP/1.1\" 200"}
{"asctime": "2025-12-20T20:23:25", "msecs": 491.0, "correlation_id": "-", "levelname": "INFO", "name": "uvicorn.error", "lineno": 264, "message": "Shutting down"}
{"asctime": "2025-12-20T20:23:25", "msecs": 602.0, "correlation_id": "-", "levelname": "INFO", "name": "uvicorn.error", "lineno": 67, "message": "Waiting for application shutdown."}
{"asctime": "2025-12-20T20:23:25", "msecs": 609.0, "correlation_id": "-", "levelname": "INFO", "name": "uvicorn.error", "lineno": 76, "message": "Application shutdown complete."}
{"asctime": "2025-12-20T20:23:25", "msecs": 613.0, "correlation_id": "-", "levelname": "INFO", "name": "uvicorn.error", "lineno": 94, "message": "Finished server process [15952]", "color_message": "Finished server process [\u001b[36m%d\u001b[0m]"}
{"asctime": "2025-12-20T20:23:28", "msecs": 144.0, "correlation_id": "-", "levelname": "INFO", "name": "social_media_app.main", "lineno": 19, "message": "Starting up the application..."}
{"asctime": "2025-12-20T20:23:28", "msecs": 151.0, "correlation_id": "-", "levelname": "INFO", "name": "uvicorn.error", "lineno": 62, "message": "Application startup complete."}
{"asctime": "2025-12-20T20:31:42", "msecs": 768.0, "correlation_id": "-", "levelname": "INFO", "name": "uvicorn.error", "lineno": 264, "message": "Shutting down"}
{"asctime": "2025-12-20T20:31:42", "msecs": 892.0, "correlation_id": "-", "levelname": "INFO", "name": "uvicorn.error", "lineno": 67, "message": "Waiting for application shutdown."}
{"asctime": "2025-12-20T20:31:42", "msecs": 898.0, "correlation_id": "-", "levelname": "INFO", "name": "uvicorn.error", "lineno": 76, "message": "Application shutdown complete."}
{"asctime": "2025-12-20T20:31:42", "msecs": 902.0, "correlation_id": "-", "levelname": "INFO", "name": "uvicorn.error", "lineno": 94, "message": "Finished server process [1228]", "color_message": "Finished server process [\u001b[36m%d\u001b[0m]"}
{"asctime": "2025-12-20T20:31:45", "msecs": 177.0, "correlation_id": "-", "levelname": "INFO", "name": "social_media_app.main", "lineno": 19, "message": "Starting up the application..."}
{"asctime": "2025-12-20T20:31:45", "msecs": 184.0, "correlation_id": "-", "levelname": "INFO", "name": "uvicorn.error", "lineno": 62, "message": "Application startup complete."}
{"asctime": "2025-12-20T20:33:25", "msecs": 939.0, "correlation_id": "-", "levelname": "INFO", "name": "uvicorn.error", "lineno": 264, "message": "Shutting down"}
{"asctime": "2025-12-20T20:33:26", "msecs": 49.0, "correlation_id": "-", "levelname": "INFO", "name": "uvicorn.error", "lineno": 67, "message": "Waiting for application shutdown."}
{"asctime": "2025-12-20T20:33:26", "msecs": 54.0, "correlation_id": "-", "levelname": "INFO", "name": "uvicorn.error", "lineno": 76, "message": "Application shutdown complete."}
{"asctime": "2025-12-20T20:33:26", "msecs": 57.0, "correlation_id": "-", "levelname": "INFO", "name": "uvicorn.error", "lineno": 94, "message": "Finished server process [4996]", "color_message": "Finished server process [\u001b[36m%d\u001b[0m]"}
{"asctime": "2025-12-20T20:33:28", "msecs": 145.0, "correlation_id": "-", "levelname": "INFO", "name": "social_media_app.main", "lineno": 19, "message": "Starting up the application..."}
{"asctime": "2025-12-20T20:33:28", "msecs": 156.0, "correlation_id": "-", "levelname": "INFO", "name": "uvicorn.error", "lineno": 62, "message": "Application startup complete."}
{"asctime": "2025-12-20T20:33:29", "msecs": 266.0, "correlation_id": "-", "levelname": "INFO", "name": "uvicorn.error", "lineno": 264, "message": "Shutting down"}
{"asctime": "2025-12-20T20:33:29", "msecs": 376.0, "correlation_id": "-", "levelname": "INFO", "name": "uvicorn.error", "lineno": 94, "message": "Finished server process [23092]", "color_message": "Finished server process [\u001b[36m%d\u001b[0m]"}
{"asctime": "2025-12-20T20:33:29", "msecs": 388.0, "correlation_id": "-", "levelname": "ERROR", "name": "uvicorn.error", "lineno": 134, "message": "Traceback (most recent call last):\n  File \"C:\\Users\\omers\\work-folder\\fast-api\\first_project\\.venv\\Lib\\site-packages\\uvicorn\\_compat.py\", line 30, in asyncio_run\n    return runner.run(main)\n           ^^^^^^^^^^^^^^^^\n  File \"C:\\Users\\omers\\.pyenv\\pyenv-win\\versions\\3.11.9\\Lib\\asyncio\\runners.py\", line 118, in run\n    return self._loop.run_until_complete(task)\n           ^^^^^^^^^^^^^^^^^^^^^^^^^^^^^^^^^^^\n  File \"C:\\Users\\omers\\.pyenv\\pyenv-win\\versions\\3.11.9\\Lib\\asyncio\\base_events.py\", line 641, in run_until_complete\n    self.run_forever()\n  File \"C:\\Users\\omers\\.pyenv\\pyenv-win\\versions\\3.11.9\\Lib\\asyncio\\base_events.py\", line 608, in run_forever\n    self._run_once()\n  File \"C:\\Users\\omers\\.pyenv\\pyenv-win\\versions\\3.11.9\\Lib\\asyncio\\base_events.py\", line 1936, in _run_once\n    handle._run()\n  File \"C:\\Users\\omers\\.pyenv\\pyenv-win\\versions\\3.11.9\\Lib\\asyncio\\events.py\", line 84, in _run\n    self._context.run(self._callback, *self._args)\n  File \"C:\\Users\\omers\\work-folder\\fast-api\\first_project\\.venv\\Lib\\site-packages\\uvicorn\\server.py\", line 70, in serve\n    with self.capture_signals():\n  File \"C:\\Users\\omers\\.pyenv\\pyenv-win\\versions\\3.11.9\\Lib\\contextlib.py\", line 144, in __exit__\n    next(self.gen)\n  File \"C:\\Users\\omers\\work-folder\\fast-api\\first_project\\.venv\\Lib\\site-packages\\uvicorn\\server.py\", line 331, in capture_signals\n    signal.raise_signal(captured_signal)\n  File \"C:\\Users\\omers\\.pyenv\\pyenv-win\\versions\\3.11.9\\Lib\\asyncio\\runners.py\", line 157, in _on_sigint\n    raise KeyboardInterrupt()\nKeyboardInterrupt\n\nDuring handling of the above exception, another exception occurred:\n\nTraceback (most recent call last):\n  File \"C:\\Users\\omers\\work-folder\\fast-api\\first_project\\.venv\\Lib\\site-packages\\starlette\\routing.py\", line 701, in lifespan\n    await receive()\n  File \"C:\\Users\\omers\\work-folder\\fast-api\\first_project\\.venv\\Lib\\site-packages\\uvicorn\\lifespan\\on.py\", line 137, in receive\n    return await self.receive_queue.get()\n           ^^^^^^^^^^^^^^^^^^^^^^^^^^^^^^\n  File \"C:\\Users\\omers\\.pyenv\\pyenv-win\\versions\\3.11.9\\Lib\\asyncio\\queues.py\", line 158, in get\n    await getter\nasyncio.exceptions.CancelledError\n"}
{"asctime": "2026-01-06T22:34:03", "msecs": 434.0, "correlation_id": "-", "levelname": "INFO", "name": "social_media_app.main", "lineno": 20, "message": "Starting up the application..."}
{"asctime": "2026-01-06T22:34:03", "msecs": 441.0, "correlation_id": "-", "levelname": "INFO", "name": "uvicorn.error", "lineno": 62, "message": "Application startup complete."}
{"asctime": "2026-01-06T22:34:55", "msecs": 957.0, "correlation_id": "e094b9b8", "levelname": "INFO", "name": "uvicorn.access", "lineno": 476, "message": "127.0.0.1:50494 - \"POST /post?prompt=A%20dragon%20flying HTTP/1.1\" 401"}
{"asctime": "2026-01-06T22:36:32", "msecs": 343.0, "correlation_id": "6cb9147a", "levelname": "DEBUG", "name": "social_media_app.security", "lineno": 99, "message": "authenticating user", "email": "om**********@gmail.com"}
{"asctime": "2026-01-06T22:36:32", "msecs": 347.0, "correlation_id": "6cb9147a", "levelname": "DEBUG", "name": "social_media_app.security", "lineno": 90, "message": "Fetching user by email", "email": "om**********@gmail.com"}
{"asctime": "2026-01-06T22:36:32", "msecs": 360.0, "correlation_id": "6cb9147a", "levelname": "INFO", "name": "uvicorn.access", "lineno": 476, "message": "127.0.0.1:52093 - \"POST /token HTTP/1.1\" 401"}
{"asctime": "2026-01-06T22:36:51", "msecs": 955.0, "correlation_id": "91e3d0c6", "levelname": "DEBUG", "name": "social_media_app.security", "lineno": 99, "message": "authenticating user", "email": "om**********@gmail.com"}
{"asctime": "2026-01-06T22:36:51", "msecs": 959.0, "correlation_id": "91e3d0c6", "levelname": "DEBUG", "name": "social_media_app.security", "lineno": 90, "message": "Fetching user by email", "email": "om**********@gmail.com"}
{"asctime": "2026-01-06T22:36:51", "msecs": 966.0, "correlation_id": "91e3d0c6", "levelname": "INFO", "name": "uvicorn.access", "lineno": 476, "message": "127.0.0.1:64678 - \"POST /token HTTP/1.1\" 401"}
{"asctime": "2026-01-06T22:36:57", "msecs": 198.0, "correlation_id": "98cf02d5", "levelname": "DEBUG", "name": "social_media_app.security", "lineno": 90, "message": "Fetching user by email", "email": "om**********@gmail.com"}
{"asctime": "2026-01-06T22:36:57", "msecs": 204.0, "correlation_id": "98cf02d5", "levelname": "DEBUG", "name": "social_media_app.security", "lineno": 80, "message": "Hashing password"}
{"asctime": "2026-01-06T22:36:57", "msecs": 353.0, "correlation_id": "98cf02d5", "levelname": "DEBUG", "name": "social_media_app.routers.user", "lineno": 32, "message": "Executing query: INSERT INTO users (email, password, confirmed) VALUES (:email, :password, :confirmed)"}
{"asctime": "2026-01-06T22:36:57", "msecs": 367.0, "correlation_id": "98cf02d5", "levelname": "DEBUG", "name": "social_media_app.security", "lineno": 47, "message": "creating access token", "email": "om**********@gmail.com"}
{"asctime": "2026-01-06T22:36:57", "msecs": 371.0, "correlation_id": "98cf02d5", "levelname": "INFO", "name": "uvicorn.access", "lineno": 476, "message": "127.0.0.1:64684 - \"POST /register HTTP/1.1\" 201"}
{"asctime": "2026-01-06T22:36:57", "msecs": 375.0, "correlation_id": "98cf02d5", "levelname": "DEBUG", "name": "social_media_app.tasks", "lineno": 18, "message": "Sending email to 'ome' with subject 'Successfully signed ' "}
{"asctime": "2026-01-06T22:36:59", "msecs": 175.0, "correlation_id": "98cf02d5", "levelname": "DEBUG", "name": "social_media_app.tasks", "lineno": 35, "message": "b'{\"id\":\"<20260106193658.2531fa1bb02cb616@sandboxbc0afd1a978647a89ad8a93950687fd6.mailgun.org>\",\"message\":\"Queued. Thank you.\"}\\n'"}
{"asctime": "2026-01-06T22:38:27", "msecs": 127.0, "correlation_id": "09e5b6e7", "levelname": "DEBUG", "name": "social_media_app.routers.user", "lineno": 66, "message": "UPDATE users SET confirmed=:confirmed WHERE users.email = :email_1"}
{"asctime": "2026-01-06T22:38:27", "msecs": 141.0, "correlation_id": "09e5b6e7", "levelname": "INFO", "name": "uvicorn.access", "lineno": 476, "message": "127.0.0.1:50587 - \"GET /confirm/eyJhbGciOiJIUzI1NiIsInR5cCI6IkpXVCJ9.eyJzdWIiOiJvbWVyLnNoYW1pYWhAZ21haWwuY29tIiwiZXhwIjoxNzY3ODE0NjE3LCJ0eXBlIjoiY29uZmlybWF0aW9uIn0.v1RfT_A1A0l-Wzvo6yYMKA2pzXp_Pko98vuXSc-AtIg HTTP/1.1\" 200"}
{"asctime": "2026-01-06T22:38:40", "msecs": 218.0, "correlation_id": "85ca34c7", "levelname": "DEBUG", "name": "social_media_app.security", "lineno": 99, "message": "authenticating user", "email": "om**********@gmail.com"}
{"asctime": "2026-01-06T22:38:40", "msecs": 221.0, "correlation_id": "85ca34c7", "levelname": "DEBUG", "name": "social_media_app.security", "lineno": 90, "message": "Fetching user by email", "email": "om**********@gmail.com"}
{"asctime": "2026-01-06T22:38:40", "msecs": 237.0, "correlation_id": "85ca34c7", "levelname": "DEBUG", "name": "social_media_app.security", "lineno": 94, "message": "User found", "email": "om**********@gmail.com"}
{"asctime": "2026-01-06T22:38:40", "msecs": 244.0, "correlation_id": "85ca34c7", "levelname": "DEBUG", "name": "social_media_app.security", "lineno": 85, "message": "Verifying password"}
{"asctime": "2026-01-06T22:38:40", "msecs": 394.0, "correlation_id": "85ca34c7", "levelname": "DEBUG", "name": "social_media_app.security", "lineno": 37, "message": "creating access token", "email": "om**********@gmail.com"}
{"asctime": "2026-01-06T22:38:40", "msecs": 398.0, "correlation_id": "85ca34c7", "levelname": "INFO", "name": "uvicorn.access", "lineno": 476, "message": "127.0.0.1:50592 - \"POST /token HTTP/1.1\" 200"}
{"asctime": "2026-01-06T22:39:07", "msecs": 53.0, "correlation_id": "9735af28", "levelname": "DEBUG", "name": "social_media_app.security", "lineno": 90, "message": "Fetching user by email", "email": "om**********@gmail.com"}
{"asctime": "2026-01-06T22:39:07", "msecs": 60.0, "correlation_id": "9735af28", "levelname": "DEBUG", "name": "social_media_app.security", "lineno": 94, "message": "User found", "email": "om**********@gmail.com"}
{"asctime": "2026-01-06T22:39:07", "msecs": 63.0, "correlation_id": "9735af28", "levelname": "INFO", "name": "social_media_app.routers.post", "lineno": 59, "message": "Creating a new post in the database"}
{"asctime": "2026-01-06T22:39:07", "msecs": 66.0, "correlation_id": "9735af28", "levelname": "DEBUG", "name": "social_media_app.routers.post", "lineno": 62, "message": "INSERT INTO posts (body, user_id) VALUES (:body, :user_id)"}
{"asctime": "2026-01-06T22:39:07", "msecs": 86.0, "correlation_id": "9735af28", "levelname": "INFO", "name": "uvicorn.access", "lineno": 476, "message": "127.0.0.1:50595 - \"POST /post?prompt=A%20dragon%20flying HTTP/1.1\" 200"}
{"asctime": "2026-01-06T22:39:07", "msecs": 91.0, "correlation_id": "9735af28", "levelname": "DEBUG", "name": "social_media_app.tasks", "lineno": 57, "message": "Generating cute creature"}
{"asctime": "2026-01-06T22:39:08", "msecs": 745.0, "correlation_id": "9735af28", "levelname": "DEBUG", "name": "social_media_app.tasks", "lineno": 68, "message": "<Response [402 Payment Required]>"}
{"asctime": "2026-01-06T22:39:08", "msecs": 748.0, "correlation_id": "9735af28", "levelname": "DEBUG", "name": "social_media_app.tasks", "lineno": 18, "message": "Sending email to 'ome' with subject 'Error generating ema' "}
{"asctime": "2026-01-06T22:39:10", "msecs": 174.0, "correlation_id": "9735af28", "levelname": "DEBUG", "name": "social_media_app.tasks", "lineno": 35, "message": "b'{\"id\":\"<20260106193909.56d635d190510837@sandboxbc0afd1a978647a89ad8a93950687fd6.mailgun.org>\",\"message\":\"Queued. Thank you.\"}\\n'"}
{"asctime": "2026-01-06T23:17:40", "msecs": 775.0, "correlation_id": "-", "levelname": "INFO", "name": "uvicorn.error", "lineno": 264, "message": "Shutting down"}
{"asctime": "2026-01-06T23:17:40", "msecs": 936.0, "correlation_id": "-", "levelname": "INFO", "name": "uvicorn.error", "lineno": 94, "message": "Finished server process [10656]", "color_message": "Finished server process [\u001b[36m%d\u001b[0m]"}
{"asctime": "2026-01-06T23:17:40", "msecs": 988.0, "correlation_id": "-", "levelname": "INFO", "name": "uvicorn.error", "lineno": 94, "message": "ASGI 'lifespan' protocol appears unsupported."}
